<?xml version="1.0" encoding="UTF-8"?>
<!-- Generated by org.testng.reporters.JUnitReportReporter -->
<testsuite hostname="DESKTOP-KIGAPP5" failures="0" tests="1" name="ctbautomation.NewTest" time="0.001" errors="0" timestamp="2023-08-07T17:46:20 IST" skipped="0">
  <testcase classname="ctbautomation.NewTest" name="f" time="0.001"/>
  <system-out/>
</testsuite> <!-- ctbautomation.NewTest -->
