<?xml version="1.0" encoding="UTF-8"?>
<!-- Generated by org.testng.reporters.JUnitReportReporter -->
<testsuite hostname="DESKTOP-KIGAPP5" failures="0" tests="1" name="ctbautomation.testforgotpassword" time="4.060" errors="0" timestamp="2023-09-21T14:25:49 IST" skipped="0">
  <testcase classname="ctbautomation.testforgotpassword" name="Test10" time="4.060"/>
  <system-out/>
</testsuite> <!-- ctbautomation.testforgotpassword -->
