<?xml version="1.0" encoding="UTF-8"?>
<!-- Generated by org.testng.reporters.JUnitReportReporter -->
<testsuite hostname="DESKTOP-KIGAPP5" failures="0" tests="2" name="ctbautomation.cartobikeRegistration" time="7.591" errors="0" timestamp="2023-11-29T12:28:09 IST" skipped="0">
  <testcase classname="ctbautomation.cartobikeRegistration" name="Test13" time="0.620"/>
  <system-out/>
  <testcase classname="ctbautomation.cartobikeRegistration" name="Test12" time="6.971"/>
  <system-out/>
</testsuite> <!-- ctbautomation.cartobikeRegistration -->
